make all --print-data-base --no-builtin-variables --no-builtin-rules --question
# GNU Make 3.81
# Copyright (C) 2006  Free Software Foundation, Inc.
# This is free software; see the source for copying conditions.
# There is NO warranty; not even for MERCHANTABILITY or FITNESS FOR A
# PARTICULAR PURPOSE.

# This program built for i386-apple-darwin11.3.0
 

# Make data base, printed on Sun Apr  3 12:15:18 2022

 
# Variables

# automatic
<D = $(patsubst %/,%,$(dir $<))
# automatic
?F = $(notdir $?)
# environment
VSCODE_LOG_NATIVE = false
# makefile (from `Makefile', line 3)
LIBRARY = -lmlx -lm -lft -L$(LIBFT_DIRECTORY) -L$(MINILIBX_DIRECTORY) -framework OpenGL -framework AppKit
# automatic
?D = $(patsubst %/,%,$(dir $?))
# makefile (from `Makefile', line 7)
INCLUDES = -I$(HEADERS_DIRECTORY) -I$(MINILIBX_HEADERS) -I$(LIBFT_HEADERS)
# automatic
@D = $(patsubst %/,%,$(dir $@))
# automatic
@F = $(notdir $@)
# makefile
CURDIR := /Users/achanel/Desktop/c3d
# makefile
SHELL = /bin/sh
# environment
VSCODE_NLS_CONFIG = {"locale":"en-us","availableLanguages":{},"_languagePackSupport":true}
# environment
_ = /usr/bin/make
# makefile (from `Makefile', line 34)
CFLAGS = -Wall -Wextra -Werror -g3
# makefile (from `Makefile', line 1)
MAKEFILE_LIST :=  Makefile
# makefile (from `Makefile', line 26)
SRCS = $(addprefix $(SRCS_DIRECTORY), $(SRCS_LIST))
# environment
VSCODE_VERBOSE_LOGGING = true
# makefile (from `Makefile', line 30)
OBJS = $(addprefix $(OBJS_DIRECTORY), $(OBJS_LIST))
# makefile (from `Makefile', line 28)
OBJS_DIRECTORY = objects/
# environment
VSCODE_IPC_HOOK_EXTHOST = /var/folders/zz/zyxvpxvq6csfxvn_n003vm6800yx1k/T/vscode-ipc-7085d1c8-22f9-427d-8384-fa40d18c73e7.sock
# environment
VSCODE_CWD = /
# environment
Apple_PubSub_Socket_Render = /private/tmp/com.apple.launchd.V90M07BAo5/Render
# environment
PATH = /Users/achanel/.brew/bin:/usr/local/bin:/usr/bin:/bin:/usr/sbin:/sbin:/usr/local/munki
# environment
LSCOLORS = Gxfxcxdxbxegedabagacad
# environment
VSCODE_LOG_STACK = false
# environment
ELECTRON_RUN_AS_NODE = 1
# default
.FEATURES := target-specific order-only second-expansion else-if archives jobserver check-symlink
# makefile (from `Makefile', line 13)
MINILIBX = $(MINILIBX_DIRECTORY)libmlx.a
# environment
SSH_AUTH_SOCK = /private/tmp/com.apple.launchd.Tvb97BW23d/Listeners
# automatic
%F = $(notdir $%)
# environment
HOMEBREW_TEMP = /tmp/achanel/Homebrew/Temp
# makefile (from `Makefile', line 18)
HEADERS_LIST = cub3D.h
# environment
VSCODE_PIPE_LOGGING = true
# environment
PWD = /Users/achanel/Desktop/c3d
# makefile (from `Makefile', line 22)
SRCS_LIST = cub3D.c init.c hook.c utils.c raycasting.c draw.c moves.c mini_map.c mouse.c borders.c check_file.c check_map.c checks_textures.c color_sides.c errors.c fts_for_struct.c map.c parser.c walls.c
# environment
ORIGINAL_XDG_CURRENT_DESKTOP = undefined
# environment
VSCODE_AMD_ENTRYPOINT = vs/workbench/services/extensions/node/extensionHostProcess
# environment
HOME = /Users/achanel
# default
MAKEFILEPATH := /Applications/Xcode.app/Contents/Developer/Makefiles
# environment
VSCODE_CODE_CACHE_PATH = /Users/achanel/Library/Application Support/Code/CachedData/899d46d82c4c95423fb7e10e68eba52050e30ba3
# environment
LOGNAME = achanel
# environment
APPLICATION_INSIGHTS_NO_DIAGNOSTIC_CHANNEL = true
# makefile (from `Makefile', line 19)
HEADERS = $(addprefix $(HEADERS_DIRECTORY), $(HEADERS_LIST))
# environment
ZSH = /Users/achanel/.oh-my-zsh
# environment
VSCODE_HANDLES_UNCAUGHT_ERRORS = true
# automatic
^D = $(patsubst %/,%,$(dir $^))
# makefile (from `Makefile', line 15)
MINILIBX_HEADERS = $(MINILIBX_DIRECTORY)
# environment
XPC_FLAGS = 0x0
# default
MAKE = $(MAKE_COMMAND)
# default
MAKECMDGOALS := all
# environment
HOMEBREW_CACHE = /tmp/achanel/Homebrew/Caches
# environment
SHLVL = 1
# makefile (from `Makefile', line 9)
LIBFT = $(LIBFT_DIRECTORY)libft.a
# makefile (from `Makefile', line 32)
CC = gcc
# makefile (from `Makefile', line 14)
MINILIBX_DIRECTORY = ./mlx/
# default
MAKE_VERSION := 3.81
# environment
USER = achanel
# makefile
.DEFAULT_GOAL := all
# makefile (from `Makefile', line 1)
NAME = cub3D
# environment
LESS = -R
# automatic
%D = $(patsubst %/,%,$(dir $%))
# default
MAKE_COMMAND := /Applications/Xcode.app/Contents/Developer/usr/bin/make
# default
.VARIABLES := 
# environment
TMPDIR = /var/folders/zz/zyxvpxvq6csfxvn_n003vm6800yx1k/T/
# automatic
*F = $(notdir $*)
# environment
VSCODE_IPC_HOOK = /Users/achanel/Library/Application Support/Code/1.63.2-main.sock
 
# makefile
MAKEFLAGS = Rrqp
# environment
MFLAGS = -Rrqp
# automatic
*D = $(patsubst %/,%,$(dir $*))
# environment
XPC_SERVICE_NAME = com.apple.xpc.launchd.oneshot.0x10000003.Electron
# automatic
+D = $(patsubst %/,%,$(dir $+))
# makefile (from `Makefile', line 17)
HEADERS_DIRECTORY = ./includes/
# automatic
+F = $(notdir $+)
# makefile (from `Makefile', line 11)
LIBFT_HEADERS = $(LIBFT_DIRECTORY)
# makefile (from `Makefile', line 21)
SRCS_DIRECTORY = ./src/
# environment
__CF_USER_TEXT_ENCODING = 0xF7432:0x0:0x0
# environment
COMMAND_MODE = unix2003
# default
MAKEFILES := 
# makefile (from `Makefile', line 10)
LIBFT_DIRECTORY = ./libft/
# automatic
<F = $(notdir $<)
# makefile (from `Makefile', line 29)
OBJS_LIST = $(patsubst %.c, %.o, $(SRCS_LIST))
# environment
PAGER = less
# environment
LC_ALL = C
# environment
SECURITYSESSIONID = 186a7
# automatic
^F = $(notdir $^)
# default
SUFFIXES := 
# default
.INCLUDE_DIRS = /usr/local/include
# environment
MAKELEVEL := 0
# environment
LANG = C
# environment
VSCODE_PID = 4206
# variable set hash-table stats:
# Load=89/1024=9%, Rehash=0, Collisions=6/134=4%

# Pattern-specific Variable Values

# No pattern-specific variable values.

# Directories

# . (device 16777227, inode 1936251): 14 files, no impossibilities.
# includes (device 16777227, inode 1936320): 3 files, no impossibilities so far.
# src (device 16777227, inode 1936446): 22 files, no impossibilities so far.

# 39 files, no impossibilities in 3 directories.

# Implicit Rules

objects/%.o: ./src/%.c ./includes/cub3D.h
#  commands to execute (from `Makefile', line 46):
	@$(CC) $(CFLAGS) -c $(INCLUDES) $< -o $@
	

# 1 implicit rules, 0 (0.0%) terminal.

# Files

objects/:
#  Implicit rule search has not been done.
#  Last modified 2022-04-03 12:15:07
#  File has been updated.
#  Successfully updated.
#  commands to execute (from `Makefile', line 43):
	mkdir -p $(OBJS_DIRECTORY)
	

objects/utils.o: src/utils.c includes/cub3D.h
#  Implicit rule search has been done.
#  Implicit/static pattern stem: `utils'
#  Last modified 2022-04-03 12:15:06
#  File has been updated.
#  Successfully updated.
# variable set hash-table stats:
# Load=0/32=0%, Rehash=0, Collisions=0/0=0%
#  commands to execute (from `Makefile', line 46):
	@$(CC) $(CFLAGS) -c $(INCLUDES) $< -o $@
	

objects/walls.o: src/walls.c includes/cub3D.h
#  Implicit rule search has been done.
#  Implicit/static pattern stem: `walls'
#  Last modified 2022-04-03 12:15:07
#  File has been updated.
#  Successfully updated.
# variable set hash-table stats:
# Load=0/32=0%, Rehash=0, Collisions=0/0=0%
#  commands to execute (from `Makefile', line 46):
	@$(CC) $(CFLAGS) -c $(INCLUDES) $< -o $@
	

# Not a target:
includes/cub3D.h:
#  Implicit rule search has been done.
#  Last modified 2022-04-03 12:15:00
#  File has been updated.
#  Successfully updated.
# variable set hash-table stats:
# Load=0/32=0%, Rehash=0, Collisions=0/0=0%

objects/mouse.o: src/mouse.c includes/cub3D.h
#  Implicit rule search has been done.
#  Implicit/static pattern stem: `mouse'
#  Last modified 2022-04-03 12:15:06
#  File has been updated.
#  Successfully updated.
# variable set hash-table stats:
# Load=0/32=0%, Rehash=0, Collisions=0/0=0%
#  commands to execute (from `Makefile', line 46):
	@$(CC) $(CFLAGS) -c $(INCLUDES) $< -o $@
	

# Not a target:
src/map.c:
#  Implicit rule search has been done.
#  Last modified 2022-04-03 11:37:46
#  File has been updated.
#  Successfully updated.
# variable set hash-table stats:
# Load=0/32=0%, Rehash=0, Collisions=0/0=0%

all: cub3D
#  Phony target (prerequisite of .PHONY).
#  Command-line target.
#  Implicit rule search has not been done.
#  File does not exist.
#  File has been updated.
#  Successfully updated.
# variable set hash-table stats:
# Load=0/32=0%, Rehash=0, Collisions=0/0=0%

.PHONY: all clean fclean re bonus
#  Implicit rule search has not been done.
#  Modification time never checked.
#  File has not been updated.

# Not a target:
src/raycasting.c:
#  Implicit rule search has been done.
#  Last modified 2022-04-01 13:59:40
#  File has been updated.
#  Successfully updated.
# variable set hash-table stats:
# Load=0/32=0%, Rehash=0, Collisions=0/0=0%

cub3D: libft/libft.a mlx/libmlx.a objects/ objects/cub3D.o objects/init.o objects/hook.o objects/utils.o objects/raycasting.o objects/draw.o objects/moves.o objects/mini_map.o objects/mouse.o objects/borders.o objects/check_file.o objects/check_map.o objects/checks_textures.o objects/color_sides.o objects/errors.o objects/fts_for_struct.o objects/map.o objects/parser.o objects/walls.o
#  Implicit rule search has not been done.
#  Last modified 2022-04-03 12:15:07
#  File has been updated.
#  Successfully updated.
# variable set hash-table stats:
# Load=0/32=0%, Rehash=0, Collisions=0/0=0%
#  commands to execute (from `Makefile', line 40):
	@$(CC) $(CFLAGS) $(LIBRARY) $(INCLUDES) $(OBJS) -o $(NAME)
	

# Not a target:
src/moves.c:
#  Implicit rule search has been done.
#  Last modified 2022-04-01 16:52:02
#  File has been updated.
#  Successfully updated.
# variable set hash-table stats:
# Load=0/32=0%, Rehash=0, Collisions=0/0=0%

objects/init.o: src/init.c includes/cub3D.h
#  Implicit rule search has been done.
#  Implicit/static pattern stem: `init'
#  Last modified 2022-04-03 12:15:06
#  File has been updated.
#  Successfully updated.
# variable set hash-table stats:
# Load=0/32=0%, Rehash=0, Collisions=0/0=0%
#  commands to execute (from `Makefile', line 46):
	@$(CC) $(CFLAGS) -c $(INCLUDES) $< -o $@
	

# Not a target:
src/check_map.c:
#  Implicit rule search has been done.
#  Last modified 2022-04-03 12:13:39
#  File has been updated.
#  Successfully updated.
# variable set hash-table stats:
# Load=0/32=0%, Rehash=0, Collisions=0/0=0%

# Not a target:
.SUFFIXES:
#  Implicit rule search has not been done.
#  Modification time never checked.
#  File has not been updated.

# Not a target:
src/check_file.c:
#  Implicit rule search has been done.
#  Last modified 2022-04-03 11:37:28
#  File has been updated.
#  Successfully updated.
# variable set hash-table stats:
# Load=0/32=0%, Rehash=0, Collisions=0/0=0%

# Not a target:
src/draw.c:
#  Implicit rule search has been done.
#  Last modified 2022-04-01 16:32:48
#  File has been updated.
#  Successfully updated.
# variable set hash-table stats:
# Load=0/32=0%, Rehash=0, Collisions=0/0=0%

# Not a target:
src/cub3D.c:
#  Implicit rule search has been done.
#  Last modified 2022-04-03 11:07:25
#  File has been updated.
#  Successfully updated.
# variable set hash-table stats:
# Load=0/32=0%, Rehash=0, Collisions=0/0=0%

# Not a target:
Makefile:
#  Implicit rule search has been done.
#  Last modified 2022-04-03 12:15:05
#  File has been updated.
#  Successfully updated.
# variable set hash-table stats:
# Load=0/32=0%, Rehash=0, Collisions=0/0=0%

# Not a target:
src/utils.c:
#  Implicit rule search has been done.
#  Last modified 2022-04-01 13:42:48
#  File has been updated.
#  Successfully updated.
# variable set hash-table stats:
# Load=0/32=0%, Rehash=0, Collisions=0/0=0%

# Not a target:
src/parser.c:
#  Implicit rule search has been done.
#  Last modified 2022-04-03 11:45:16
#  File has been updated.
#  Successfully updated.
# variable set hash-table stats:
# Load=0/32=0%, Rehash=0, Collisions=0/0=0%

# Not a target:
src/color_sides.c:
#  Implicit rule search has been done.
#  Last modified 2022-04-03 11:37:36
#  File has been updated.
#  Successfully updated.
# variable set hash-table stats:
# Load=0/32=0%, Rehash=0, Collisions=0/0=0%

objects/map.o: src/map.c includes/cub3D.h
#  Implicit rule search has been done.
#  Implicit/static pattern stem: `map'
#  Last modified 2022-04-03 12:15:07
#  File has been updated.
#  Successfully updated.
# variable set hash-table stats:
# Load=0/32=0%, Rehash=0, Collisions=0/0=0%
#  commands to execute (from `Makefile', line 46):
	@$(CC) $(CFLAGS) -c $(INCLUDES) $< -o $@
	

# Not a target:
src/errors.c:
#  Implicit rule search has been done.
#  Last modified 2022-04-03 11:37:39
#  File has been updated.
#  Successfully updated.
# variable set hash-table stats:
# Load=0/32=0%, Rehash=0, Collisions=0/0=0%

libft/libft.a:
 
#  Implicit rule search has not been done.
#  Last modified 2022-04-03 12:14:16
#  File has been updated.
#  Successfully updated.
#  commands to execute (from `Makefile', line 49):
	@$(MAKE) -sC $(LIBFT_DIRECTORY)
	

objects/raycasting.o: src/raycasting.c includes/cub3D.h
#  Implicit rule search has been done.
#  Implicit/static pattern stem: `raycasting'
#  Last modified 2022-04-03 12:15:06
#  File has been updated.
#  Successfully updated.
# variable set hash-table stats:
# Load=0/32=0%, Rehash=0, Collisions=0/0=0%
#  commands to execute (from `Makefile', line 46):
	@$(CC) $(CFLAGS) -c $(INCLUDES) $< -o $@
	

# Not a target:
src/checks_textures.c:
#  Implicit rule search has been done.
#  Last modified 2022-04-03 11:37:34
#  File has been updated.
#  Successfully updated.
# variable set hash-table stats:
# Load=0/32=0%, Rehash=0, Collisions=0/0=0%

bonus:
#  Phony target (prerequisite of .PHONY).
#  Implicit rule search has not been done.
#  File does not exist.
#  File has not been updated.

fclean: clean
#  Phony target (prerequisite of .PHONY).
#  Implicit rule search has not been done.
#  File does not exist.
#  File has not been updated.
#  commands to execute (from `Makefile', line 59):
	@rm -f $(NAME)
	

objects/moves.o: src/moves.c includes/cub3D.h
#  Implicit rule search has been done.
#  Implicit/static pattern stem: `moves'
#  Last modified 2022-04-03 12:15:06
#  File has been updated.
#  Successfully updated.
# variable set hash-table stats:
# Load=0/32=0%, Rehash=0, Collisions=0/0=0%
#  commands to execute (from `Makefile', line 46):
	@$(CC) $(CFLAGS) -c $(INCLUDES) $< -o $@
	

# Not a target:
src/hook.c:
#  Implicit rule search has been done.
#  Last modified 2022-04-01 16:50:44
#  File has been updated.
#  Successfully updated.
# variable set hash-table stats:
# Load=0/32=0%, Rehash=0, Collisions=0/0=0%

objects/check_map.o: src/check_map.c includes/cub3D.h
#  Implicit rule search has been done.
#  Implicit/static pattern stem: `check_map'
#  Last modified 2022-04-03 12:15:07
#  File has been updated.
#  Successfully updated.
# variable set hash-table stats:
# Load=0/32=0%, Rehash=0, Collisions=0/0=0%
#  commands to execute (from `Makefile', line 46):
	@$(CC) $(CFLAGS) -c $(INCLUDES) $< -o $@
	

objects/check_file.o: src/check_file.c includes/cub3D.h
#  Implicit rule search has been done.
#  Implicit/static pattern stem: `check_file'
#  Last modified 2022-04-03 12:15:06
#  File has been updated.
#  Successfully updated.
# variable set hash-table stats:
# Load=0/32=0%, Rehash=0, Collisions=0/0=0%
#  commands to execute (from `Makefile', line 46):
	@$(CC) $(CFLAGS) -c $(INCLUDES) $< -o $@
	

objects/draw.o: src/draw.c includes/cub3D.h
#  Implicit rule search has been done.
#  Implicit/static pattern stem: `draw'
#  Last modified 2022-04-03 12:15:06
#  File has been updated.
#  Successfully updated.
# variable set hash-table stats:
# Load=0/32=0%, Rehash=0, Collisions=0/0=0%
#  commands to execute (from `Makefile', line 46):
	@$(CC) $(CFLAGS) -c $(INCLUDES) $< -o $@
	

objects/cub3D.o: src/cub3D.c includes/cub3D.h
#  Implicit rule search has been done.
#  Implicit/static pattern stem: `cub3D'
#  Last modified 2022-04-03 12:15:06
#  File has been updated.
#  Successfully updated.
# variable set hash-table stats:
# Load=0/32=0%, Rehash=0, Collisions=0/0=0%
#  commands to execute (from `Makefile', line 46):
	@$(CC) $(CFLAGS) -c $(INCLUDES) $< -o $@
	

# Not a target:
.DEFAULT:
#  Implicit rule search has not been done.
#  Modification time never checked.
#  File has not been updated.

mlx/libmlx.a:
#  Implicit rule search has not been done.
#  Last modified 2022-04-01 13:42:48
#  File has been updated.
#  Successfully updated.
#  commands to execute (from `Makefile', line 52):
	@$(MAKE) -sC $(MINILIBX_DIRECTORY) 2>/dev/null
	

# Not a target:
src/mini_map.c:
#  Implicit rule search has been done.
#  Last modified 2022-04-01 13:47:58
#  File has been updated.
#  Successfully updated.
# variable set hash-table stats:
# Load=0/32=0%, Rehash=0, Collisions=0/0=0%

# Not a target:
src/borders.c:
#  Implicit rule search has been done.
#  Last modified 2022-04-03 11:37:25
#  File has been updated.
#  Successfully updated.
# variable set hash-table stats:
# Load=0/32=0%, Rehash=0, Collisions=0/0=0%

objects/parser.o: src/parser.c includes/cub3D.h
#  Implicit rule search has been done.
#  Implicit/static pattern stem: `parser'
#  Last modified 2022-04-03 12:15:07
#  File has been updated.
#  Successfully updated.
# variable set hash-table stats:
# Load=0/32=0%, Rehash=0, Collisions=0/0=0%
#  commands to execute (from `Makefile', line 46):
	@$(CC) $(CFLAGS) -c $(INCLUDES) $< -o $@
	

# Not a target:
src/fts_for_struct.c:
#  Implicit rule search has been done.
#  Last modified 2022-04-03 11:57:49
#  File has been updated.
#  Successfully updated.
# variable set hash-table stats:
# Load=0/32=0%, Rehash=0, Collisions=0/0=0%

re: fclean all
#  Phony target (prerequisite of .PHONY).
#  Implicit rule search has not been done.
#  File does not exist.
#  File has not been updated.

clean:
#  Phony target (prerequisite of .PHONY).
#  Implicit rule search has not been done.
#  File does not exist.
#  File has not been updated.
#  commands to execute (from `Makefile', line 56):
	@rm -rf $(OBJS_DIRECTORY)
	

objects/color_sides.o: src/color_sides.c includes/cub3D.h
#  Implicit rule search has been done.
#  Implicit/static pattern stem: `color_sides'
#  Last modified 2022-04-03 12:15:07
#  File has been updated.
#  Successfully updated.
# variable set hash-table stats:
# Load=0/32=0%, Rehash=0, Collisions=0/0=0%
#  commands to execute (from `Makefile', line 46):
	@$(CC) $(CFLAGS) -c $(INCLUDES) $< -o $@
	

objects/errors.o: src/errors.c includes/cub3D.h
#  Implicit rule search has been done.
#  Implicit/static pattern stem: `errors'
#  Last modified 2022-04-03 12:15:07
#  File has been updated.
#  Successfully updated.
# variable set hash-table stats:
# Load=0/32=0%, Rehash=0, Collisions=0/0=0%
#  commands to execute (from `Makefile', line 46):
	@$(CC) $(CFLAGS) -c $(INCLUDES) $< -o $@
	

# Not a target:
src/walls.c:
#  Implicit rule search has been done.
#  Last modified 2022-04-03 11:37:54
#  File has been updated.
#  Successfully updated.
# variable set hash-table stats:
# Load=0/32=0%, Rehash=0, Collisions=0/0=0%

objects/checks_textures.o: src/checks_textures.c includes/cub3D.h
#  Implicit rule search has been done.
#  Implicit/static pattern stem: `checks_textures'
#  Last modified 2022-04-03 12:15:07
#  File has been updated.
#  Successfully updated.
# variable set hash-table stats:
# Load=0/32=0%, Rehash=0, Collisions=0/0=0%
#  commands to execute (from `Makefile', line 46):
	@$(CC) $(CFLAGS) -c $(INCLUDES) $< -o $@
	

# Not a target:
src/mouse.c:
#  Implicit rule search has been done.
#  Last modified 2022-04-01 16:51:27
#  File has been updated.
#  Successfully updated.
# variable set hash-table stats:
# Load=0/32=0%, Rehash=0, Collisions=0/0=0%

objects/hook.o: src/hook.c includes/cub3D.h
#  Implicit rule search has been done.
#  Implicit/static pattern stem: `hook'
#  Last modified 2022-04-03 12:15:06
#  File has been updated.
#  Successfully updated.
# variable set hash-table stats:
# Load=0/32=0%, Rehash=0, Collisions=0/0=0%
#  commands to execute (from `Makefile', line 46):
	@$(CC) $(CFLAGS) -c $(INCLUDES) $< -o $@
	

objects/mini_map.o: src/mini_map.c includes/cub3D.h
#  Implicit rule search has been done.
#  Implicit/static pattern stem: `mini_map'
#  Last modified 2022-04-03 12:15:06
#  File has been updated.
#  Successfully updated.
# variable set hash-table stats:
# Load=0/32=0%, Rehash=0, Collisions=0/0=0%
#  commands to execute (from `Makefile', line 46):
	@$(CC) $(CFLAGS) -c $(INCLUDES) $< -o $@
	

objects/borders.o: src/borders.c includes/cub3D.h
#  Implicit rule search has been done.
#  Implicit/static pattern stem: `borders'
#  Last modified 2022-04-03 12:15:06
#  File has been updated.
#  Successfully updated.
# variable set hash-table stats:
# Load=0/32=0%, Rehash=0, Collisions=0/0=0%
#  commands to execute (from `Makefile', line 46):
	@$(CC) $(CFLAGS) -c $(INCLUDES) $< -o $@
	

 
objects/fts_for_struct.o: src/fts_for_struct.c includes/cub3D.h
#  Implicit rule search has been done.
#  Implicit/static pattern stem: `fts_for_struct'
#  Last modified 2022-04-03 12:15:07
#  File has been updated.
#  Successfully updated.
# variable set hash-table stats:
# Load=0/32=0%, Rehash=0, Collisions=0/0=0%
#  commands to execute (from `Makefile', line 46):
	@$(CC) $(CFLAGS) -c $(INCLUDES) $< -o $@
	

# Not a target:
src/init.c:
#  Implicit rule search has been done.
#  Last modified 2022-04-03 11:38:03
#  File has been updated.
#  Successfully updated.
# variable set hash-table stats:
# Load=0/32=0%, Rehash=0, Collisions=0/0=0%

# files hash-table stats:
# Load=52/1024=5%, Rehash=0, Collisions=24/191=13%
# VPATH Search Paths

# No `vpath' search paths.

# No general (`VPATH' variable) search path.

# # of strings in strcache: 1
# # of strcache buffers: 1
# strcache size: total = 4096 / max = 4096 / min = 4096 / avg = 4096
# strcache free: total = 4087 / max = 4087 / min = 4087 / avg = 4087

# Finished Make data base on Sun Apr  3 12:15:18 2022

 
